1576272359803	mozrunner::runner	INFO	Running command: "C:\\Program Files\\Firefox Developer Edition\\firefox.exe" "-marionette" "-headless" "-foreground" "-no-remote" "-profile" "C:\\Users\\AMOSNJ~1\\AppData\\Local\\Temp\\rust_mozprofile.KqgZU2jS65rz"
*** You are running in headless mode.
1576272360812	addons.webextension.screenshots@mozilla.org	WARN	Loading extension 'screenshots@mozilla.org': Reading manifest: Invalid extension permission: mozillaAddons
1576272360812	addons.webextension.screenshots@mozilla.org	WARN	Loading extension 'screenshots@mozilla.org': Reading manifest: Invalid extension permission: telemetry
1576272360812	addons.webextension.screenshots@mozilla.org	WARN	Loading extension 'screenshots@mozilla.org': Reading manifest: Invalid extension permission: resource://pdf.js/
1576272360813	addons.webextension.screenshots@mozilla.org	WARN	Loading extension 'screenshots@mozilla.org': Reading manifest: Invalid extension permission: about:reader*
JavaScript error: resource://gre/modules/XULStore.jsm, line 66: Error: Can't find profile directory.
1576272364953	Marionette	INFO	Listening on port 59220
1576272365056	Marionette	WARN	TLS certificate errors will be ignored for this session
1576273425233	mozrunner::runner	INFO	Running command: "C:\\Program Files\\Firefox Developer Edition\\firefox.exe" "-marionette" "-foreground" "-no-remote" "-profile" "C:\\Users\\AMOSNJ~1\\AppData\\Local\\Temp\\rust_mozprofile.LjeHnfMvDN4w"
1576273426778	addons.webextension.screenshots@mozilla.org	WARN	Loading extension 'screenshots@mozilla.org': Reading manifest: Invalid extension permission: mozillaAddons
1576273426778	addons.webextension.screenshots@mozilla.org	WARN	Loading extension 'screenshots@mozilla.org': Reading manifest: Invalid extension permission: telemetry
1576273426779	addons.webextension.screenshots@mozilla.org	WARN	Loading extension 'screenshots@mozilla.org': Reading manifest: Invalid extension permission: resource://pdf.js/
1576273426779	addons.webextension.screenshots@mozilla.org	WARN	Loading extension 'screenshots@mozilla.org': Reading manifest: Invalid extension permission: about:reader*
JavaScript error: resource://gre/modules/XULStore.jsm, line 66: Error: Can't find profile directory.
1576273431100	Marionette	INFO	Listening on port 60093
1576273431500	Marionette	WARN	TLS certificate errors will be ignored for this session
JavaScript error: resource://gre/modules/UrlClassifierListManager.jsm, line 680: TypeError: this.tablesData[table] is undefined
1576273451774	Marionette	INFO	Stopped listening on port 60093
[Parent 3864, Gecko_IOThread] WARNING: pipe error: 109: file z:/task_1574352431/build/src/ipc/chromium/src/chrome/common/ipc_channel_win.cc, line 341
[Child 6108, Chrome_ChildThread] WARNING: pipe error: 109: file z:/task_1574352431/build/src/ipc/chromium/src/chrome/common/ipc_channel_win.cc, line 341
[Child 6108, Ch[Child 10948, Chrome_ChildThread] WARNING: pipe error: 109: file z:/task_1574352431/build/src/ipc/chromium/src/chrome/common/ipc_channel_win.cc, line 341
[Child 10948, Chrome_ChildThread[Parent 3864, Gecko_IOThread] WARNING: pipe error: 109: file z:/task_1574352431/build/src/ipc/chromium/src/chrome/common/ipc_channel_win.cc, line 341

###!!! [Child][RunMessage] Error: Channel closing: too late to send/recv, messages will be lost

[GPU 2544
###!!! [Child][MessageChannel::SendAndWait] Error: Channel error: cannot send/recv

1576273501919	mozrunner::runner	INFO	Running command: "C:\\Program Files\\Firefox Developer Edition\\firefox.exe" "-marionette" "-headless" "-foreground" "-no-remote" "-profile" "C:\\Users\\AMOSNJ~1\\AppData\\Local\\Temp\\rust_mozprofile.FDgthxIL441G"
*** You are running in headless mode.
1576273502889	addons.webextension.screenshots@mozilla.org	WARN	Loading extension 'screenshots@mozilla.org': Reading manifest: Invalid extension permission: mozillaAddons
1576273502890	addons.webextension.screenshots@mozilla.org	WARN	Loading extension 'screenshots@mozilla.org': Reading manifest: Invalid extension permission: telemetry
1576273502890	addons.webextension.screenshots@mozilla.org	WARN	Loading extension 'screenshots@mozilla.org': Reading manifest: Invalid extension permission: resource://pdf.js/
1576273502890	addons.webextension.screenshots@mozilla.org	WARN	Loading extension 'screenshots@mozilla.org': Reading manifest: Invalid extension permission: about:reader*
JavaScript error: resource://gre/modules/XULStore.jsm, line 66: Error: Can't find profile directory.
1576273506499	Marionette	INFO	Listening on port 60191
1576273506675	Marionette	WARN	TLS certificate errors will be ignored for this session
1576276084097	mozrunner::runner	INFO	Running command: "C:\\Program Files\\Firefox Developer Edition\\firefox.exe" "-marionette" "-headless" "-foreground" "-no-remote" "-profile" "C:\\Users\\AMOSNJ~1\\AppData\\Local\\Temp\\rust_mozprofile.wxTATiZHVGg9"
*** You are running in headless mode.
1576276086692	addons.webextension.screenshots@mozilla.org	WARN	Loading extension 'screenshots@mozilla.org': Reading manifest: Invalid extension permission: mozillaAddons
1576276086692	addons.webextension.screenshots@mozilla.org	WARN	Loading extension 'screenshots@mozilla.org': Reading manifest: Invalid extension permission: telemetry
1576276086692	addons.webextension.screenshots@mozilla.org	WARN	Loading extension 'screenshots@mozilla.org': Reading manifest: Invalid extension permission: resource://pdf.js/
1576276086692	addons.webextension.screenshots@mozilla.org	WARN	Loading extension 'screenshots@mozilla.org': Reading manifest: Invalid extension permission: about:reader*
JavaScript error: resource://gre/modules/XULStore.jsm, line 66: Error: Can't find profile directory.
1576276091237	Marionette	INFO	Listening on port 61979
1576276091450	Marionette	WARN	TLS certificate errors will be ignored for this session
1576276114313	mozrunner::runner	INFO	Running command: "C:\\Program Files\\Firefox Developer Edition\\firefox.exe" "-marionette" "-headless" "-foreground" "-no-remote" "-profile" "C:\\Users\\AMOSNJ~1\\AppData\\Local\\Temp\\rust_mozprofile.TSyGt4VCOSyG"
*** You are running in headless mode.
1576276124654	addons.webextension.screenshots@mozilla.org	WARN	Loading extension 'screenshots@mozilla.org': Reading manifest: Invalid extension permission: mozillaAddons
1576276124654	addons.webextension.screenshots@mozilla.org	WARN	Loading extension 'screenshots@mozilla.org': Reading manifest: Invalid extension permission: telemetry
1576276124654	addons.webextension.screenshots@mozilla.org	WARN	Loading extension 'screenshots@mozilla.org': Reading manifest: Invalid extension permission: resource://pdf.js/
1576276124654	addons.webextension.screenshots@mozilla.org	WARN	Loading extension 'screenshots@mozilla.org': Reading manifest: Invalid extension permission: about:reader*
JavaScript error: resource://gre/modules/XULStore.jsm, line 66: Error: Can't find profile directory.
1576276128707	Marionette	INFO	Listening on port 62043
1576276129071	Marionette	WARN	TLS certificate errors will be ignored for this session
1576276159233	mozrunner::runner	INFO	Running command: "C:\\Program Files\\Firefox Developer Edition\\firefox.exe" "-marionette" "-headless" "-foreground" "-no-remote" "-profile" "C:\\Users\\AMOSNJ~1\\AppData\\Local\\Temp\\rust_mozprofile.mXCp3g6k493w"
*** You are running in headless mode.
1576276160630	addons.webextension.screenshots@mozilla.org	WARN	Loading extension 'screenshots@mozilla.org': Reading manifest: Invalid extension permission: mozillaAddons
1576276160630	addons.webextension.screenshots@mozilla.org	WARN	Loading extension 'screenshots@mozilla.org': Reading manifest: Invalid extension permission: telemetry
1576276160630	addons.webextension.screenshots@mozilla.org	WARN	Loading extension 'screenshots@mozilla.org': Reading manifest: Invalid extension permission: resource://pdf.js/
1576276160630	addons.webextension.screenshots@mozilla.org	WARN	Loading extension 'screenshots@mozilla.org': Reading manifest: Invalid extension permission: about:reader*
JavaScript error: resource://gre/modules/XULStore.jsm, line 66: Error: Can't find profile directory.
1576276166138	Marionette	INFO	Listening on port 62114
1576276166585	Marionette	WARN	TLS certificate errors will be ignored for this session
Exiting due to channel error.
Exiting due to channel error.
gram Files\\Firefox Developer Edition\\firefox.exe" "-marionette" "-headless" "-foreground" "-no-remote" "-profile" "C:\\Users\\AMOSNJ~1\\AppData\\Local\\Temp\\rust_mozprofile.qB8vuPsXnTHX"
*** You are running in headless mode.
1576276196788	addons.webextension.screenshots@mozilla.org	WARN	Loading extension 'screenshots@mozilla.org': Reading manifest: Invalid extension permission: mozillaAddons
1576276196788	addons.webextension.screenshots@mozilla.org	WARN	Loading extension 'screenshots@mozilla.org': Reading manifest: Invalid extension permission: telemetry
1576276196788	addons.webextension.screenshots@mozilla.org	WARN	Loading extension 'screenshots@mozilla.org': Reading manifest: Invalid extension permission: resource://pdf.js/
1576276196788	addons.webextension.screenshots@mozilla.org	WARN	Loading extension 'screenshots@mozilla.org': Reading manifest: Invalid extension permission: about:reader*
JavaScript error: resource://gre/modules/XULStore.jsm, line 66: Error: Can't find profile directory.
console.error: "Could not write session state file " (new Error("_initWorker called too early! Please read the session file from disk first.", "resource:///modules/sessionstore/SessionFile.jsm", 375)) "_initWorker/<@resource:///modules/sessionstore/SessionFile.jsm:375:15\n_initWorker@resource:///modules/sessionstore/SessionFile.jsm:368:12\n_postToWorker@resource:///modules/sessionstore/SessionFile.jsm:410:16\nwrite@resource:///modules/sessionstore/SessionFile.jsm:448:24\nwrite@resource:///modules/sessionstore/SessionFile.jsm:75:32\n_writeState@resource:///modules/sessionstore/SessionSaver.jsm:360:24\n_saveState@resource:///modules/sessionstore/SessionSaver.jsm:294:17\n_saveStateAsync@resource:///modules/sessionstore/SessionSaver.jsm:344:10\nsaveStateAsyncWhenIdle@resource:///modules/sessionstore/SessionSaver.jsm:191:14\ncallback@resource://gre/modules/Timer.jsm:125:16\n"
1576276208863	Marionette	INFO	Listening on port 62191
1576276208900	Marionette	WARN	TLS certificate errors will be ignored for this session
Exiting due to channel error.
	INFO	Running command: "C:\\Program Files\\Firefox Developer Edition\\firefox.exe" "-marionette" "-headless" "-foreground" "-no-remote" "-profile" "C:\\Users\\AMOSNJ~1\\AppData\\Local\\Temp\\rust_mozprofile.qVvS3tgr57qA"
*** You are running in headless mode.
1576276904868	addons.webextension.screenshots@mozilla.org	WARN	Loading extension 'screenshots@mozilla.org': Reading manifest: Invalid extension permission: mozillaAddons
1576276904868	addons.webextension.screenshots@mozilla.org	WARN	Loading extension 'screenshots@mozilla.org': Reading manifest: Invalid extension permission: telemetry
1576276904868	addons.webextension.screenshots@mozilla.org	WARN	Loading extension 'screenshots@mozilla.org': Reading manifest: Invalid extension permission: resource://pdf.js/
1576276904868	addons.webextension.screenshots@mozilla.org	WARN	Loading extension 'screenshots@mozilla.org': Reading manifest: Invalid extension permission: about:reader*
JavaScript error: resource://gre/modules/XULStore.jsm, line 66: Error: Can't find profile directory.
1576276911303	Marionette	INFO	Listening on port 62693
1576276912072	Marionette	WARN	TLS certificate errors will be ignored for this session
JavaScript error: https://activity-dev.hikaya.app/static/admin/js/admin/DateTimeShortcuts.js, line 362: ReferenceError: addEvent is not defined
1576276925999	Marionette	INFO	Stopped listening on port 62693
[Child 7928, Chrome_ChildThread] WARNING: pipe error: 109: file z:/task_1574352431/build/src/ipc/chromium/src/chrome/common/ipc_channel_win.cc, line 341
[Child 7928, Chrome_Chil[Parent 12464, Gecko_IOThread] WARNING: pipe error: 109: file z:/task_1574352431/build/src/ipc/chromium/src/chrome/common/ipc_channel_win.cc, line 341
[Child 9332, Chrome_ChildThread] WARNING: pipe error: 109: file z:/task_1574352431/build/src/ipc/chromium/src/chrome/common/ipc_channel_win.cc, line 341
[Child 93321576277049270	mozrunner::runner	INFO	Running command: "C:\\Program Files\\Firefox Developer Edition\\firefox.exe" "-marionette" "-headless" "-foreground" "-no-remote" "-profile" "C:\\Users\\AMOSNJ~1\\AppData\\Local\\Temp\\rust_mozprofile.VFkGRkumALDh"
*** You are running in headless mode.
1576277050121	addons.webextension.screenshots@mozilla.org	WARN	Loading extension 'screenshots@mozilla.org': Reading manifest: Invalid extension permission: mozillaAddons
1576277050121	addons.webextension.screenshots@mozilla.org	WARN	Loading extension 'screenshots@mozilla.org': Reading manifest: Invalid extension permission: telemetry
1576277050121	addons.webextension.screenshots@mozilla.org	WARN	Loading extension 'screenshots@mozilla.org': Reading manifest: Invalid extension permission: resource://pdf.js/
1576277050121	addons.webextension.screenshots@mozilla.org	WARN	Loading extension 'screenshots@mozilla.org': Reading manifest: Invalid extension permission: about:reader*
JavaScript error: resource://gre/modules/XULStore.jsm, line 66: Error: Can't find profile directory.
1576277055214	Marionette	INFO	Listening on port 62837
1576277055518	Marionette	WARN	TLS certificate errors will be ignored for this session
JavaScript error: https://activity-dev.hikaya.app/static/admin/js/admin/DateTimeShortcuts.js, line 362: ReferenceError: addEvent is not defined
1576277068659	Marionette	INFO	Stopped listening on port 62837
[Parent 6420, Gecko_IOThread] WARNING: pipe error: 109: file z:/task_1574352431/build/src/ipc/chromium/src/chrome/common/ipc_channel_win.cc, line 341
[Child 6764, Chrome_ChildThread] WARNING: pipe error: 109: file z:/task_1574352431/build/src/ipc/chromium/src/chrome/common/ipc_channel_win.cc, line 341
[Child 676[Parent 6420, Gecko_IOThread] WARNING: pipe error: 109: file z:/task_1574352431/build/src/ipc/chromium/src/chrome/common/ipc_channel_win.cc, line 341
JavaScript error: resource://gre/modules/UrlClassifierListManager.jsm, line 680: TypeError: this.tablesData[table] is undefined
[Child 8756, Chrome_ChildThread] WARNING: pipe error: 109: file z:/task_1574352431/build/src/ipc/chromium/src/chrome/common/ipc_channel_win.cc, line 341
[Child 8756, Chrome_ChildThread] WARNING: pipe error: 109: file z:/task_1574352431/build/src/ipc/chromium/src/chrome/common/ipc_channel_win.cc, line 341

###!!! [Child][RunMessage] Error: Channel closing: too late to send/recv, messages will be lost

[Parent 6420, Gecko_IOThread] WARNING: pipe error: 109: file z:/task_1574352431/build/src/ipc/chromium/src/chrome/common/ipc_channel_win.cc, line 341
[Child 4332, Chrome_ChildThread] WARNING: pipe error: 109: file z:/task_1574352431/build/src/ipc/chromium/src/chrome/common/ipc_channel_win.cc, line 341
[Child 4332, 1576277244482	mozrunner::runner	INFO	Running command: "C:\\Program Files\\Firefox Developer Edition\\firefox.exe" "-marionette" "-headless" "-foreground" "-no-remote" "-profile" "C:\\Users\\AMOSNJ~1\\AppData\\Local\\Temp\\rust_mozprofile.CYc7H1NSE7uT"
*** You are running in headless mode.
1576277254000	addons.webextension.screenshots@mozilla.org	WARN	Loading extension 'screenshots@mozilla.org': Reading manifest: Invalid extension permission: mozillaAddons
1576277254000	addons.webextension.screenshots@mozilla.org	WARN	Loading extension 'screenshots@mozilla.org': Reading manifest: Invalid extension permission: telemetry
1576277254000	addons.webextension.screenshots@mozilla.org	WARN	Loading extension 'screenshots@mozilla.org': Reading manifest: Invalid extension permission: resource://pdf.js/
1576277254000	addons.webextension.screenshots@mozilla.org	WARN	Loading extension 'screenshots@mozilla.org': Reading manifest: Invalid extension permission: about:reader*
JavaScript error: resource://gre/modules/XULStore.jsm, line 66: Error: Can't find profile directory.
1576277258032	Marionette	INFO	Listening on port 63009
1576277258165	Marionette	WARN	TLS certificate errors will be ignored for this session
JavaScript error: https://activity-dev.hikaya.app/static/admin/js/admin/DateTimeShortcuts.js, line 362: ReferenceError: addEvent is not defined
Exiting due to channel error.
	INFO	Running command: "C:\\Program Files\\Firefox Developer Edition\\firefox.exe" "-marionette" "-headless" "-foreground" "-no-remote" "-profile" "C:\\Users\\AMOSNJ~1\\AppData\\Local\\Temp\\rust_mozprofile.oPNkyskfksyX"
*** You are running in headless mode.
1576277348561	addons.webextension.screenshots@mozilla.org	WARN	Loading extension 'screenshots@mozilla.org': Reading manifest: Invalid extension permission: mozillaAddons
1576277348561	addons.webextension.screenshots@mozilla.org	WARN	Loading extension 'screenshots@mozilla.org': Reading manifest: Invalid extension permission: telemetry
1576277348561	addons.webextension.screenshots@mozilla.org	WARN	Loading extension 'screenshots@mozilla.org': Reading manifest: Invalid extension permission: resource://pdf.js/
1576277348561	addons.webextension.screenshots@mozilla.org	WARN	Loading extension 'screenshots@mozilla.org': Reading manifest: Invalid extension permission: about:reader*
JavaScript error: resource://gre/modules/XULStore.jsm, line 66: Error: Can't find profile directory.
1576277353712	Marionette	INFO	Listening on port 63104
1576277354169	Marionette	WARN	TLS certificate errors will be ignored for this session
JavaScript error: https://activity-dev.hikaya.app/static/admin/js/admin/DateTimeShortcuts.js, line 362: ReferenceError: addEvent is not defined
1576277365889	Marionette	INFO	Stopped listening on port 63104
[Parent 14408, Gecko_IOThread] WARNING: pipe error: 109: file z:/task_1574352431/build/src/ipc/chromium/src/chrome/common/ipc_channel_win.cc, line 341
[Parent 14408, Gecko_IOThread] WARNING: pipe error: 109: file z:/task_1574352431/build/src/ipc/chromium/src/chrome/common/ipc_channel_win.cc, line 341
[Child 15328, Chrome_ChildThread] WARNING: pipe error: 109: file z:/task_1574352431/build/src/ipc/chromium/src/chrome/common/ipc_channel_win.cc, line 341
[Parent 1[4408, Gecko_IOThread] WARNING: file z:/task_1574352431/build/src/ipc/chromium/src/base/process_util_win.cc, line 160
[Parent 14408, Gecko_IOThread] WARNING: pipe error: 109: file z:/task_1574352431/build/src/ipc/chromium/src/chrome/common/ipc_channel_win.cc, line 341
[Child 14844, Chrome_ChildThread] WARNING: pipe error: 109: file z:/task_1574352431/build/src/ipc/chromium/src/chrome/common/ipc_channel_win.cc, line 341
[Child 14841576277492219	mozrunner::runner	INFO	Running command: "C:\\Program Files\\Firefox Developer Edition\\firefox.exe" "-marionette" "-headless" "-foreground" "-no-remote" "-profile" "C:\\Users\\AMOSNJ~1\\AppData\\Local\\Temp\\rust_mozprofile.nv4UckKdQtlM"
*** You are running in headless mode.
1576277493280	addons.webextension.screenshots@mozilla.org	WARN	Loading extension 'screenshots@mozilla.org': Reading manifest: Invalid extension permission: mozillaAddons
1576277493281	addons.webextension.screenshots@mozilla.org	WARN	Loading extension 'screenshots@mozilla.org': Reading manifest: Invalid extension permission: telemetry
1576277493281	addons.webextension.screenshots@mozilla.org	WARN	Loading extension 'screenshots@mozilla.org': Reading manifest: Invalid extension permission: resource://pdf.js/
1576277493281	addons.webextension.screenshots@mozilla.org	WARN	Loading extension 'screenshots@mozilla.org': Reading manifest: Invalid extension permission: about:reader*
JavaScript error: resource://gre/modules/XULStore.jsm, line 66: Error: Can't find profile directory.
1576277498452	Marionette	INFO	Listening on port 63261
1576277498513	Marionette	WARN	TLS certificate errors will be ignored for this session
JavaScript error: https://activity-dev.hikaya.app/static/admin/js/admin/DateTimeShortcuts.js, line 362: ReferenceError: addEvent is not defined
1576277510063	Marionette	INFO	Stopped listening on port 63261
[Parent 1412, Gecko_IOThread] WARNING: pipe error: 109: file z:/task_1574352431/build/src/ipc/chromium/src/chrome/common/ipc_channel_win.cc, line 341
[Child 2168, Chrome_ChildThread] WARNING: pipe error: 109: file z:/task_1574352431/build/src/ipc/chromium/src/chrome/common/ipc_channel_win.cc, line 341
[Child 2168, Chrome_ChildThread] WARNING: pipe error: 109: file z:/taskJavaScript error: resource://gre/modules/UrlClassifierListManager.jsm, line 680: TypeError: this.tablesData[table] is undefined
[Parent 1412, Gecko_IOThread] WARNING: pipe error: 109: file z:/task_1574352431/build/src/ipc/chromium/src/chrome/common/ipc_channel_win.cc, line 341
1576277810940	mozrunner::runner	INFO	Running command: "C:\\Program Files\\Firefox Developer Edition\\firefox.exe" "-marionette" "-headless" "-foreground" "-no-remote" "-profile" "C:\\Users\\AMOSNJ~1\\AppData\\Local\\Temp\\rust_mozprofile.in07F57t5WkI"
*** You are running in headless mode.
1576277829404	addons.webextension.screenshots@mozilla.org	WARN	Loading extension 'screenshots@mozilla.org': Reading manifest: Invalid extension permission: mozillaAddons
1576277829404	addons.webextension.screenshots@mozilla.org	WARN	Loading extension 'screenshots@mozilla.org': Reading manifest: Invalid extension permission: telemetry
1576277829404	addons.webextension.screenshots@mozilla.org	WARN	Loading extension 'screenshots@mozilla.org': Reading manifest: Invalid extension permission: resource://pdf.js/
1576277829404	addons.webextension.screenshots@mozilla.org	WARN	Loading extension 'screenshots@mozilla.org': Reading manifest: Invalid extension permission: about:reader*
JavaScript error: resource://gre/modules/XULStore.jsm, line 66: Error: Can't find profile directory.
1576277833765	Marionette	INFO	Listening on port 63484
1576277834037	Marionette	WARN	TLS certificate errors will be ignored for this session
JavaScript error: https://activity-dev.hikaya.app/static/admin/js/admin/DateTimeShortcuts.js, line 362: ReferenceError: addEvent is not defined
1576277845900	Marionette	INFO	Stopped listening on port 63484
[Parent 14856, Gecko_IOThread] WARNING: pipe error: 109: file z:/task_1574352431/build/src/ipc/chromium/src/chrome/common/ipc_channel_win.cc, line 341
[Child 7928, Chrome_ChildThread] WARNING: pipe error: 109: file z:/task_1574352431/build/src/ipc/chromium/src/chrome/common/ipc_channel_win.cc, line 341
[Child 7928,[Child 12684, Chrome_ChildThread] WARNING: pipe error: 109: file z:/task_1574352431/build/src/ipc/chromium/src/chrome/common/ipc_channel_win.cc, line 341
[Child 12684, Chrome_ChildTJavaScript error: resource://gre/modules/UrlClassifierListManager.jsm, line 680: TypeError: this.tablesData[table] is undefined
[Parent 14856, Gecko_IOThread] WARNING: pipe error: 109: file z:/task_1574352431/build/src/ipc/chromium/src/chrome/common/ipc_channel_win.cc, line 341
[Child 15060, Chrome_ChildThread] WARNING: pipe error: 109: file z:/task_1574352431/build/src/ipc/chromium/src/chrome/common/ipc_channel_win.cc, line 341
[Child 150601576277899489	mozrunner::runner	INFO	Running command: "C:\\Program Files\\Firefox Developer Edition\\firefox.exe" "-marionette" "-headless" "-foreground" "-no-remote" "-profile" "C:\\Users\\AMOSNJ~1\\AppData\\Local\\Temp\\rust_mozprofile.CzVdlLfiUz9D"
*** You are running in headless mode.
1576277900497	addons.webextension.screenshots@mozilla.org	WARN	Loading extension 'screenshots@mozilla.org': Reading manifest: Invalid extension permission: mozillaAddons
1576277900497	addons.webextension.screenshots@mozilla.org	WARN	Loading extension 'screenshots@mozilla.org': Reading manifest: Invalid extension permission: telemetry
1576277900498	addons.webextension.screenshots@mozilla.org	WARN	Loading extension 'screenshots@mozilla.org': Reading manifest: Invalid extension permission: resource://pdf.js/
1576277900498	addons.webextension.screenshots@mozilla.org	WARN	Loading extension 'screenshots@mozilla.org': Reading manifest: Invalid extension permission: about:reader*
JavaScript error: resource://gre/modules/XULStore.jsm, line 66: Error: Can't find profile directory.
1576277906709	Marionette	INFO	Listening on port 63589
1576277906844	Marionette	WARN	TLS certificate errors will be ignored for this session
JavaScript error: https://activity-dev.hikaya.app/static/admin/js/admin/DateTimeShortcuts.js, line 362: ReferenceError: addEvent is not defined
1576277918819	Marionette	INFO	Stopped listening on port 63589
[Child 9868, Chrome_ChildThread] WARNING: pipe error: 109: file z:/task_1574352431/build/src/ipc/chromium/src/chrome/common/ipc_channel_win.cc, line 341
[Child 9868, Chrome_ChildThread] WARNIN[Child 14440, Chrome_ChildThread] WARNING: pipe error: 109: file z:/task_1574352431/build/src/ipc/chromium/src/chrome/common/ipc_channel_win.cc, line 341
[Child 14440, Chrome_ChildThread] WARNING: pipe error: 109: file z:/task_1574352431/build/src/ipc/chromium/src/chrome/common/ipc_channel_win.cc, line 341
[Parent 12220, Gecko_IOThread] WARNING: pipe error: 109: file z:/task_1574352431/build/src/ipc/chromium/src/chrome/common/ipc_channel_win.cc, line 341
[Child 5320, Chrome_ChildThread] WARNING: pipe error: 109: file z:/task_1574352431/build/src/ipc/chromium/src/chrome/common/ipc_channel_win.cc, line 341
[Child 53201576278311191	mozrunner::runner	INFO	Running command: "C:\\Program Files\\Firefox Developer Edition\\firefox.exe" "-marionette" "-headless" "-foreground" "-no-remote" "-profile" "C:\\Users\\AMOSNJ~1\\AppData\\Local\\Temp\\rust_mozprofile.E26BRrRXmmvW"
*** You are running in headless mode.
1576278312216	addons.webextension.screenshots@mozilla.org	WARN	Loading extension 'screenshots@mozilla.org': Reading manifest: Invalid extension permission: mozillaAddons
1576278312216	addons.webextension.screenshots@mozilla.org	WARN	Loading extension 'screenshots@mozilla.org': Reading manifest: Invalid extension permission: telemetry
1576278312216	addons.webextension.screenshots@mozilla.org	WARN	Loading extension 'screenshots@mozilla.org': Reading manifest: Invalid extension permission: resource://pdf.js/
1576278312216	addons.webextension.screenshots@mozilla.org	WARN	Loading extension 'screenshots@mozilla.org': Reading manifest: Invalid extension permission: about:reader*
JavaScript error: resource://gre/modules/XULStore.jsm, line 66: Error: Can't find profile directory.
1576278318151	Marionette	INFO	Listening on port 63895
1576278318578	Marionette	WARN	TLS certificate errors will be ignored for this session
JavaScript error: https://activity-dev.hikaya.app/static/admin/js/admin/DateTimeShortcuts.js, line 362: ReferenceError: addEvent is not defined
1576278408338	Marionette	INFO	Stopped listening on port 63895
[Parent 1112, Gecko_IOThread] WARNING: pipe error: 109: file z:/task_1574352431/build/src/ipc/chromium/src/chrome/common/ipc_channel_win.cc, line 341
[Child 13252, Chrome_ChildThread] WARNING: pipe error: 109: file z:/task_1574352431/build/src/ipc/chromium/src/chrome/common/ipc_channel_win.cc, line 341
[Child 13252, Chrome_ChildThread] WARNING: pipe error: 109: file z:/task_1574352431/build/src/ipc/chromium/src/chrome/common/ipc_channel_win.cc, line 341
[Child 13056, Chrome_ChildThread] WARNING: pipe error: 109: file z:/task_1574352431/build/src/ipc/chromium/src/chrome/common/ipc_channel_win.cc, line 341
[Child 13056, Chrome_ChildThread] WARNING: pipe error: 109: file z:/task_1574352431/build/src/ipc/chromium/src/chrome/common/ipc_channel_win.cc, line 341
[Parent 1112, Gecko_IOThread] WARNING: pipe error: 109: file z:/task_1574352431/build/src/ipc/chromium/src/chrome/common/ipc_channel_win.cc, line 341
[Child 14320, Chrome_ChildThread] WARNING: pipe error: 109: file z:/task_1574352431/build/src/ipc/chromium/src/chrome/common/ipc_channel_win.cc, line 341
[Child 143201576278501581	mozrunner::runner	INFO	Running command: "C:\\Program Files\\Firefox Developer Edition\\firefox.exe" "-marionette" "-headless" "-foreground" "-no-remote" "-profile" "C:\\Users\\AMOSNJ~1\\AppData\\Local\\Temp\\rust_mozprofile.jOI0KXdtqxef"
*** You are running in headless mode.
1576278506475	addons.webextension.screenshots@mozilla.org	WARN	Loading extension 'screenshots@mozilla.org': Reading manifest: Invalid extension permission: mozillaAddons
1576278506475	addons.webextension.screenshots@mozilla.org	WARN	Loading extension 'screenshots@mozilla.org': Reading manifest: Invalid extension permission: telemetry
1576278506475	addons.webextension.screenshots@mozilla.org	WARN	Loading extension 'screenshots@mozilla.org': Reading manifest: Invalid extension permission: resource://pdf.js/
1576278506475	addons.webextension.screenshots@mozilla.org	WARN	Loading extension 'screenshots@mozilla.org': Reading manifest: Invalid extension permission: about:reader*
JavaScript error: resource://gre/modules/XULStore.jsm, line 66: Error: Can't find profile directory.
1576278512054	Marionette	INFO	Listening on port 64212
1576278512154	Marionette	WARN	TLS certificate errors will be ignored for this session
JavaScript error: https://activity-dev.hikaya.app/static/admin/js/admin/DateTimeShortcuts.js, line 362: ReferenceError: addEvent is not defined
1576278590439	Marionette	INFO	Stopped listening on port 64212
[Child 15904, Chrome_ChildThread] WARNING: pipe error: 109: file z:/task_1574352431/build/src/ipc/chromium/src/chrome/common/ipc_channel_win.cc, line 341
[Child 15904, Chrome_ChildThread] WARNING: pipe[Child 8996, Chrome_ChildThread] WARNING: pipe error: 109: file z:/task_1574352431/build/src/ipc/chromium/src/chrome/common/ipc_channel_win.cc, line 341
[Child 8996, Chrom[Parent 15884, Gecko_IOThread] WARNING: pipe error: 109: file z:/task_1574352431/build/src/ipc/chromium/src/chrome/common/ipc_channel_win.cc, line 341
[Child 7512, Chrome_ChildThread] WARNING: pipe error: 109: file z:/task_1574352431/build/src/ipc/chromium/src/chrome/common/ipc_channel_win.cc, line 341
[Child 7512, Chrome_ChildThread] WARNING: pipe error: 109: file z:/task_1574352431/build/src1576279354747	mozrunner::runner	INFO	Running command: "C:\\Program Files\\Firefox Developer Edition\\firefox.exe" "-marionette" "-headless" "-foreground" "-no-remote" "-profile" "C:\\Users\\AMOSNJ~1\\AppData\\Local\\Temp\\rust_mozprofile.y8AC4JWxUfGA"
*** You are running in headless mode.
1576279355858	addons.webextension.screenshots@mozilla.org	WARN	Loading extension 'screenshots@mozilla.org': Reading manifest: Invalid extension permission: mozillaAddons
1576279355858	addons.webextension.screenshots@mozilla.org	WARN	Loading extension 'screenshots@mozilla.org': Reading manifest: Invalid extension permission: telemetry
1576279355858	addons.webextension.screenshots@mozilla.org	WARN	Loading extension 'screenshots@mozilla.org': Reading manifest: Invalid extension permission: resource://pdf.js/
1576279355858	addons.webextension.screenshots@mozilla.org	WARN	Loading extension 'screenshots@mozilla.org': Reading manifest: Invalid extension permission: about:reader*
JavaScript error: resource://gre/modules/XULStore.jsm, line 66: Error: Can't find profile directory.
1576279362360	Marionette	INFO	Listening on port 64885
1576279362645	Marionette	WARN	TLS certificate errors will be ignored for this session
JavaScript error: https://activity-dev.hikaya.app/static/admin/js/admin/DateTimeShortcuts.js, line 362: ReferenceError: addEvent is not defined
1576279469482	Marionette	INFO	Stopped listening on port 64885
[Parent 13740, Gecko_IOThread] WARNING: pipe error: 109: file z:/task_1574352431/build/src/ipc/chromium/src/chrome/common/ipc_channel_win.cc, line 341
[Child 15276, Chrome_ChildThread] WARNING: pipe error: 109: file z:/task_1574352431/build/src/ipc/chromium/src/chrome/co[Child 15392mmon/, Chroimpec_channel_win.cc, _Cline 341
hil[ChdThread] WARiNlING: pipe error: 109: file z:/task_1574352431/build/src/ipc/chromium/src/chrome/common/ipc_channel_win.cc, line 341
[Child 15392, Chrome_ChildThread] WARNING: pipe error: 109: file z:/task_1574352431/build/src/ipc/chromium/src/chrome/common/ipc_channel_win.cc, line 341
d 15276, Chrome_ChildThread] WARNING: pipe error: 109: file z:/task_1574352431/build/src/ipc/chromium/src/chrome/common/ipc_channel_win.cc, line 341
[Parent 13740, Gecko_IOThread] WARNING: pipe error: 109: file z:/task_1574352431/build/src/ipc/chromium/src/chrome/common/ipc_channel_win.cc, line 341
[Child 14604, Chrome_ChildThread] WARNING: pipe error: 109: file z:/task_1574352431/build/src/ipc/chromium/src/chrome/common/ipc_channel_win.cc, line 341
[Child 14604,1576279689323	mozrunner::runner	INFO	Running command: "C:\\Program Files\\Firefox Developer Edition\\firefox.exe" "-marionette" "-headless" "-foreground" "-no-remote" "-profile" "C:\\Users\\AMOSNJ~1\\AppData\\Local\\Temp\\rust_mozprofile.ILuSGOK0bXWw"
*** You are running in headless mode.
1576279690529	addons.webextension.screenshots@mozilla.org	WARN	Loading extension 'screenshots@mozilla.org': Reading manifest: Invalid extension permission: mozillaAddons
1576279690529	addons.webextension.screenshots@mozilla.org	WARN	Loading extension 'screenshots@mozilla.org': Reading manifest: Invalid extension permission: telemetry
1576279690529	addons.webextension.screenshots@mozilla.org	WARN	Loading extension 'screenshots@mozilla.org': Reading manifest: Invalid extension permission: resource://pdf.js/
1576279690529	addons.webextension.screenshots@mozilla.org	WARN	Loading extension 'screenshots@mozilla.org': Reading manifest: Invalid extension permission: about:reader*
JavaScript error: resource://gre/modules/XULStore.jsm, line 66: Error: Can't find profile directory.
1576279694765	Marionette	INFO	Listening on port 65302
1576279695194	Marionette	WARN	TLS certificate errors will be ignored for this session
JavaScript error: https://activity-dev.hikaya.app/static/admin/js/admin/DateTimeShortcuts.js, line 362: ReferenceError: addEvent is not defined
1576279827060	Marionette	INFO	Stopped listening on port 65302
[Child 11768, Chrome_ChildThread] WARNING: pipe error: 109: file z:/task_1574352431/build/src/ipc/chromium/src/chrome/common/ipc_channel_win.cc, line 341
1576280540486	mozrunner::runner	INFO	Running command: "C:\\Program Files\\Firefox Developer Edition\\firefox.exe" "-marionette" "-headless" "-foreground" "-no-remote" "-profile" "C:\\Users\\AMOSNJ~1\\AppData\\Local\\Temp\\rust_mozprofile.rzlZn51Obuuw"
*** You are running in headless mode.
1576280570039	addons.webextension.screenshots@mozilla.org	WARN	Loading extension 'screenshots@mozilla.org': Reading manifest: Invalid extension permission: mozillaAddons
1576280570039	addons.webextension.screenshots@mozilla.org	WARN	Loading extension 'screenshots@mozilla.org': Reading manifest: Invalid extension permission: telemetry
1576280570039	addons.webextension.screenshots@mozilla.org	WARN	Loading extension 'screenshots@mozilla.org': Reading manifest: Invalid extension permission: resource://pdf.js/
1576280570039	addons.webextension.screenshots@mozilla.org	WARN	Loading extension 'screenshots@mozilla.org': Reading manifest: Invalid extension permission: about:reader*
JavaScript error: resource://gre/modules/XULStore.jsm, line 66: Error: Can't find profile directory.
1576280576737	Marionette	INFO	Listening on port 50028
1576280577427	Marionette	WARN	TLS certificate errors will be ignored for this session
JavaScript error: https://activity-dev.hikaya.app/static/admin/js/admin/DateTimeShortcuts.js, line 362: ReferenceError: addEvent is not defined
1576280590546	Marionette	INFO	Stopped listening on port 50028
[Parent 6264, Gecko_IOThread] WARNING: pipe error: 109: file z:/task_1574352431/build/src/ipc/chromium/src/chrome/common/ipc_channel_win.cc, line 341
[Parent 6264, Gecko_IOThread] WARNING: pipe error: 109: file z:/task_1574352431/build/src/ipc/chromium/src/chrome/common/ipc_channel_win.cc, line 341
[Child 9476, Chrome_ChildThread] WARNING: pipe error: 109: file z:/task_1574352431/build/src/ipc/chromium/src/chrome/common/ipc_channel_win.cc, line 341
[Child 9700, Chrome_ChildThread] WARNING: pipe error: 109: file z:/task_1574352431/build/src/ipc/chromium/src/chrome/common/ipc_c[Parenhannet 6264, l_win.Gecko_IOThread] WARNIcc, line 341
NG: file z:[C/hitask_1574352431/build/src/ipc/chromium/src/base/process_util_win.cc, line 160
[Parent 6264, Gecko_IOThread] WARNING: pipe error: 109: file z:/task_1574352431/build/src/ipc/chromium/src/chrome/common/ipc_channel_win.cc, line 341
[Child 4544, Chrome_ChildThread] WARNING: pipe error: 109: file z:/task_1574352431/build/src/ipc/chromium/src/chrome/common/ipc_channel_win.cc, line 341
[Child 4544, 1576280857537	mozrunner::runner	INFO	Running command: "C:\\Program Files\\Firefox Developer Edition\\firefox.exe" "-marionette" "-headless" "-foreground" "-no-remote" "-profile" "C:\\Users\\AMOSNJ~1\\AppData\\Local\\Temp\\rust_mozprofile.ZEYZe7at5oHr"
*** You are running in headless mode.
1576280859896	addons.webextension.screenshots@mozilla.org	WARN	Loading extension 'screenshots@mozilla.org': Reading manifest: Invalid extension permission: mozillaAddons
1576280859896	addons.webextension.screenshots@mozilla.org	WARN	Loading extension 'screenshots@mozilla.org': Reading manifest: Invalid extension permission: telemetry
1576280859896	addons.webextension.screenshots@mozilla.org	WARN	Loading extension 'screenshots@mozilla.org': Reading manifest: Invalid extension permission: resource://pdf.js/
1576280859897	addons.webextension.screenshots@mozilla.org	WARN	Loading extension 'screenshots@mozilla.org': Reading manifest: Invalid extension permission: about:reader*
JavaScript error: resource://gre/modules/XULStore.jsm, line 66: Error: Can't find profile directory.
1576280863292	Marionette	INFO	Listening on port 50349
1576280863325	Marionette	WARN	TLS certificate errors will be ignored for this session
1576281264308	mozrunner::runner	INFO	Running command: "C:\\Program Files\\Firefox Developer Edition\\firefox.exe" "-marionette" "-headless" "-foreground" "-no-remote" "-profile" "C:\\Users\\AMOSNJ~1\\AppData\\Local\\Temp\\rust_mozprofile.gAFDVkIMppmf"
*** You are running in headless mode.
1576281286530	addons.webextension.screenshots@mozilla.org	WARN	Loading extension 'screenshots@mozilla.org': Reading manifest: Invalid extension permission: mozillaAddons
1576281286530	addons.webextension.screenshots@mozilla.org	WARN	Loading extension 'screenshots@mozilla.org': Reading manifest: Invalid extension permission: telemetry
1576281286530	addons.webextension.screenshots@mozilla.org	WARN	Loading extension 'screenshots@mozilla.org': Reading manifest: Invalid extension permission: resource://pdf.js/
1576281286531	addons.webextension.screenshots@mozilla.org	WARN	Loading extension 'screenshots@mozilla.org': Reading manifest: Invalid extension permission: about:reader*
JavaScript error: resource://gre/modules/XULStore.jsm, line 66: Error: Can't find profile directory.
1576281292042	Marionette	INFO	Listening on port 50968
1576281292202	Marionette	WARN	TLS certificate errors will be ignored for this session
Exiting due to channel error.
	INFO	Running command: "C:\\Program Files\\Firefox Developer Edition\\firefox.exe" "-marionette" "-headless" "-foreground" "-no-remote" "-profile" "C:\\Users\\AMOSNJ~1\\AppData\\Local\\Temp\\rust_mozprofile.WQdi5ONtZwsy"
*** You are running in headless mode.
1576281736224	addons.webextension.screenshots@mozilla.org	WARN	Loading extension 'screenshots@mozilla.org': Reading manifest: Invalid extension permission: mozillaAddons
1576281736224	addons.webextension.screenshots@mozilla.org	WARN	Loading extension 'screenshots@mozilla.org': Reading manifest: Invalid extension permission: telemetry
1576281736224	addons.webextension.screenshots@mozilla.org	WARN	Loading extension 'screenshots@mozilla.org': Reading manifest: Invalid extension permission: resource://pdf.js/
1576281736224	addons.webextension.screenshots@mozilla.org	WARN	Loading extension 'screenshots@mozilla.org': Reading manifest: Invalid extension permission: about:reader*
JavaScript error: resource://gre/modules/XULStore.jsm, line 66: Error: Can't find profile directory.
1576281742657	Marionette	INFO	Listening on port 51562
1576281742995	Marionette	WARN	TLS certificate errors will be ignored for this session
JavaScript error: https://activity-dev.hikaya.app/static/admin/js/admin/DateTimeShortcuts.js, line 362: ReferenceError: addEvent is not defined
1576281841067	Marionette	INFO	Stopped listening on port 51562
[Parent 17184, Gecko_IOThread] WARNING: pipe error: 109: file z:/task_1574352431/build/src/ipc/chromium/src/chrome/common/ipc_channel_win.cc, line 341
[Child 3164, Chrome_ChildThread] WARNING: pipe error: 109: file z:/task_1574352431/build/src/ipc/chromium/src/chrome/common/ipc_channel_win.cc, line 341
[Child 148[Chi24, Chrome_ChildThread] WARNING: pipe error: 109: file z:/task_1574352431/build/src/ipc/chromium/src/chrome/common/ipc_channel_win.cc, line 341
[Child 14824, Chr[Parent 17184, Gecko_IOThread] WARNING: pipe error: 109: file z:/task_1574352431/build/src/ipc/chromium/src/chrome/common/ipc_channel_win.cc, line 341
[Child 14912, Chrome_ChildThread] WARNING: pipe error: 109: file z:/task_1574352431/build/src/ipc/chromium/src/chrome/common/ipc_channel_win.cc, line 341
[Child 14912, Chrome_ChildThread1576282120471	mozrunner::runner	INFO	Running command: "C:\\Program Files\\Firefox Developer Edition\\firefox.exe" "-marionette" "-headless" "-foreground" "-no-remote" "-profile" "C:\\Users\\AMOSNJ~1\\AppData\\Local\\Temp\\rust_mozprofile.AntZaDitwEOI"
*** You are running in headless mode.
1576282133038	addons.webextension.screenshots@mozilla.org	WARN	Loading extension 'screenshots@mozilla.org': Reading manifest: Invalid extension permission: mozillaAddons
1576282133038	addons.webextension.screenshots@mozilla.org	WARN	Loading extension 'screenshots@mozilla.org': Reading manifest: Invalid extension permission: telemetry
1576282133038	addons.webextension.screenshots@mozilla.org	WARN	Loading extension 'screenshots@mozilla.org': Reading manifest: Invalid extension permission: resource://pdf.js/
1576282133039	addons.webextension.screenshots@mozilla.org	WARN	Loading extension 'screenshots@mozilla.org': Reading manifest: Invalid extension permission: about:reader*
JavaScript error: resource://gre/modules/XULStore.jsm, line 66: Error: Can't find profile directory.
1576282138165	Marionette	INFO	Listening on port 52057
1576282138339	Marionette	WARN	TLS certificate errors will be ignored for this session
JavaScript error: https://activity-dev.hikaya.app/static/admin/js/admin/DateTimeShortcuts.js, line 362: ReferenceError: addEvent is not defined
Exiting due to channel error.
	INFO	Running command: "C:\\Program Files\\Firefox Developer Edition\\firefox.exe" "-marionette" "-headless" "-foreground" "-no-remote" "-profile" "C:\\Users\\AMOSNJ~1\\AppData\\Local\\Temp\\rust_mozprofile.HzRmdUiIhnpH"
*** You are running in headless mode.
1576282617103	mozrunner::runner	INFO	Running command: "C:\\Program Files\\Firefox Developer Edition\\firefox.exe" "-marionette" "-headless" "-foreground" "-no-remote" "-profile" "C:\\Users\\AMOSNJ~1\\AppData\\Local\\Temp\\rust_mozprofile.FZNfzLmzyqOx"
*** You are running in headless mode.
1576282619244	addons.webextension.screenshots@mozilla.org	WARN	Loading extension 'screenshots@mozilla.org': Reading manifest: Invalid extension permission: mozillaAddons
1576282619244	addons.webextension.screenshots@mozilla.org	WARN	Loading extension 'screenshots@mozilla.org': Reading manifest: Invalid extension permission: telemetry
1576282619244	addons.webextension.screenshots@mozilla.org	WARN	Loading extension 'screenshots@mozilla.org': Reading manifest: Invalid extension permission: re1576282621251	Marionette	INFO	Listening on port 52538
1576282621467	Marionette	WARN	TLS certificate errors will be ignored for this session
JavaScript error: https://activity-dev.hikaya.app/static/admin/js/admin/DateTimeShortcuts.js, line 362: ReferenceError: addEvent is not defined
JavaScript error: chrome://marionette/content/proxy.js, line 222: TypeError: this.browser.driver.dialogObserver is null
Exiting due to channel error.
Exiting due to channel error.
v.hikaya.app/static/admin/js/admin/DateTimeShortcuts.js, line 362: ReferenceError: addEvent is not defined
1576282637174	Marionette	INFO	Stopped listening on port 52567
[Parent 8724, Gecko_IOThread] WARNING: pipe error: 109: file z:/task_1574352431/build/src/ipc/chromium/src/chrome/common/ipc_channel_win.cc, line 341
[Child 14732, Chrome_ChildThread] WARNING: pipe error: 109: file z:/task_1574352431/build/src/ipc/chromium/src/chrome/common/ipc_channel_win.cc, line 341
[Child 14732, Chrome_ChildThread] WARNING: pipe error: 109: file z:/task_1574352431/build/src/ipc/chromium/src/chrJavaScript error: resource://gre/modules/UrlClassifierListManager.jsm, line 680: TypeError: this.tablesData[table] is undefined
[Parent 8724, Gecko_IOThread] WARNING: pipe error: 109: file z:/task_1574352431/build/src/ipc/chromium/src/chrome/common/ipc_channel_win.cc, line 341
[Child 17916, Chrome_ChildThread] WARNING: pipe error: 109: file z:/task_1574352431/build/src/ipc/chromium/src/chrome/common/ipc_channel_win.cc, line 341
[Child 17916, Chrome_Chil1576283496542	mozrunner::runner	INFO	Running command: "C:\\Program Files\\Firefox Developer Edition\\firefox.exe" "-marionette" "-headless" "-foreground" "-no-remote" "-profile" "C:\\Users\\AMOSNJ~1\\AppData\\Local\\Temp\\rust_mozprofile.CGgX69oiRKjI"
*** You are running in headless mode.
1576283497340	addons.webextension.screenshots@mozilla.org	WARN	Loading extension 'screenshots@mozilla.org': Reading manifest: Invalid extension permission: mozillaAddons
1576283497340	addons.webextension.screenshots@mozilla.org	WARN	Loading extension 'screenshots@mozilla.org': Reading manifest: Invalid extension permission: telemetry
1576283497340	addons.webextension.screenshots@mozilla.org	WARN	Loading extension 'screenshots@mozilla.org': Reading manifest: Invalid extension permission: resource://pdf.js/
1576283497340	addons.webextension.screenshots@mozilla.org	WARN	Loading extension 'screenshots@mozilla.org': Reading manifest: Invalid extension permission: about:reader*
JavaScript error: resource://gre/modules/XULStore.jsm, line 66: Error: Can't find profile directory.
1576283501272	Marionette	INFO	Listening on port 53257
1576283501291	Marionette	WARN	TLS certificate errors will be ignored for this session
JavaScript error: https://activity-dev.hikaya.app/static/admin/js/admin/DateTimeShortcuts.js, line 362: ReferenceError: addEvent is not defined
1576283512553	Marionette	INFO	Stopped listening on port 53257
[Child 18232, Chrome_ChildThread] WARNING: pipe error: 109: file z:/task_1574352431/build/src/ipc/chromium/src/chrome/common/ipc_channel_win.cc, line 341
[Child 18232, Chrome_ChildThr[Parent 18416, Gecko_IOThread] WARNING: pipe error: 109: file z:/task_1574352431/build/src/ipc/chromium/src/chrome/common/ipc_channel_win.cc, line 341
[Child 14492, Chrome_ChildThread] WARNING: pipe error: 109: file z:/task_1574352431/build/src/ipc/chromium/src/chrome/common/ipc_channel_win.cc, line 341
[Child 144921576284186632	mozrunner::runner	INFO	Running command: "C:\\Program Files\\Firefox Developer Edition\\firefox.exe" "-marionette" "-headless" "-foreground" "-no-remote" "-profile" "C:\\Users\\AMOSNJ~1\\AppData\\Local\\Temp\\rust_mozprofile.S1ITbmlQx8RH"
*** You are running in headless mode.
1576284187680	addons.webextension.screenshots@mozilla.org	WARN	Loading extension 'screenshots@mozilla.org': Reading manifest: Invalid extension permission: mozillaAddons
1576284187680	addons.webextension.screenshots@mozilla.org	WARN	Loading extension 'screenshots@mozilla.org': Reading manifest: Invalid extension permission: telemetry
1576284187681	addons.webextension.screenshots@mozilla.org	WARN	Loading extension 'screenshots@mozilla.org': Reading manifest: Invalid extension permission: resource://pdf.js/
1576284187681	addons.webextension.screenshots@mozilla.org	WARN	Loading extension 'screenshots@mozilla.org': Reading manifest: Invalid extension permission: about:reader*
JavaScript error: resource://gre/modules/XULStore.jsm, line 66: Error: Can't find profile directory.
1576284191574	Marionette	INFO	Listening on port 53783
1576284191873	Marionette	WARN	TLS certificate errors will be ignored for this session
JavaScript error: https://activity-dev.hikaya.app/static/admin/js/admin/DateTimeShortcuts.js, line 362: ReferenceError: addEvent is not defined
1576284203505	Marionette	INFO	Stopped listening on port 53783
[Child 16380, Chrome_ChildThread] WARNING: pipe error: 109: file z:/task_1574352431/build/src/ipc/chromium/src/chrome/common/ipc_channel_win.cc, line 341
[Child 1638[Child 6188, Chrome_ChildThread] WARNING: pipe error: 109: file z:/task_1574352431/build/src/ipc/chromium/src/chrome/common/ipc_channel_win.cc, line 341
[Child 6188, Chrome_ChildThread] WARNING: pipe error: 109: file z:/task_1574352431/build/src/ipc/chromium/src/chrome/common/ipc_channel_win.cc, line 341
[Child 16488, Chrome_ChildThread] WARNING: pipe error: 109: file z:/task_1574352431/build/src/ipc/chromium/src/chrome/common/ipc_channel_win.cc, line 341
[Child 164881576284209891	mozrunner::runner	INFO	Running command: "C:\\Program Files\\Firefox Developer Edition\\firefox.exe" "-marionette" "-headless" "-foreground" "-no-remote" "-profile" "C:\\Users\\AMOSNJ~1\\AppData\\Local\\Temp\\rust_mozprofile.rsYl2LcSELoW"
*** You are running in headless mode.
1576284210776	addons.webextension.screenshots@mozilla.org	WARN	Loading extension 'screenshots@mozilla.org': Reading manifest: Invalid extension permission: mozillaAddons
1576284210776	addons.webextension.screenshots@mozilla.org	WARN	Loading extension 'screenshots@mozilla.org': Reading manifest: Invalid extension permission: telemetry
1576284210777	addons.webextension.screenshots@mozilla.org	WARN	Loading extension 'screenshots@mozilla.org': Reading manifest: Invalid extension permission: resource://pdf.js/
1576284210777	addons.webextension.screenshots@mozilla.org	WARN	Loading extension 'screenshots@mozilla.org': Reading manifest: Invalid extension permission: about:reader*
JavaScript error: resource://gre/modules/XULStore.jsm, line 66: Error: Can't find profile directory.
1576284214432	Marionette	INFO	Listening on port 53836
1576284214665	Marionette	WARN	TLS certificate errors will be ignored for this session
JavaScript error: https://activity-dev.hikaya.app/static/admin/js/admin/DateTimeShortcuts.js, line 362: ReferenceError: addEvent is not defined
1576284226667	Marionette	INFO	Stopped listening on port 53836
[Parent 9268, Gecko_IOThread] WARNING: pipe error: 109: file z:/task_1574352431/build/src/ipc/chromium/src/chrome/common/ipc_channel_win.cc, line 341
[Child 6400, Chrome_ChildThread] WARNING: pipe error: 109: file z:/task_1574352431/build/src/ipc/chromium/src/chrome/common/ipc_channel_win.cc, line 341
[Child 6400, Chrome_ChildThread] WARNING: pipe error: 109: file z:/task_1574352431/build/src/ipc/chromium/src/chrome/common/ipc_channel_win.cc, line 341
[Parent 9268, Gecko_IOThread] WARNING: pipe error: 109: file z:/task_1574352431/build/src/ipc/chromium/src/chrome/common/ipc_channel_win.cc, line 341
[Child 17756, Chrome_ChildThread] WARNING: pipe error: 109: file z:/task_1574352431/build/src/ipc/chromium/src/chrome/common/ipc_channel_win.cc, line 341
[Child 1771576284395563	mozrunner::runner	INFO	Running command: "C:\\Program Files\\Firefox Developer Edition\\firefox.exe" "-marionette" "-headless" "-foreground" "-no-remote" "-profile" "C:\\Users\\AMOSNJ~1\\AppData\\Local\\Temp\\rust_mozprofile.K5GsXcRblEJ4"
*** You are running in headless mode.
1576284396452	addons.webextension.screenshots@mozilla.org	WARN	Loading extension 'screenshots@mozilla.org': Reading manifest: Invalid extension permission: mozillaAddons
1576284396453	addons.webextension.screenshots@mozilla.org	WARN	Loading extension 'screenshots@mozilla.org': Reading manifest: Invalid extension permission: telemetry
1576284396453	addons.webextension.screenshots@mozilla.org	WARN	Loading extension 'screenshots@mozilla.org': Reading manifest: Invalid extension permission: resource://pdf.js/
1576284396453	addons.webextension.screenshots@mozilla.org	WARN	Loading extension 'screenshots@mozilla.org': Reading manifest: Invalid extension permission: about:reader*
JavaScript error: resource://gre/modules/XULStore.jsm, line 66: Error: Can't find profile directory.
1576284400887	Marionette	INFO	Listening on port 54089
1576284401316	Marionette	WARN	TLS certificate errors will be ignored for this session
JavaScript error: https://activity-dev.hikaya.app/static/admin/js/admin/DateTimeShortcuts.js, line 362: ReferenceError: addEvent is not defined
1576284412226	Marionette	INFO	Stopped listening on port 54089
[Child 5460, Chrome_ChildThread] WARNING: pipe error: 109: file z:/task_1574352431/build/src/ipc/chromium/src/chrome/common/ipc_channel_win.cc, line 341
[Child 5460, Chrome_ChildThJavaScript error: resource://gre/modules/UrlClassifierListManager.jsm, line 680: TypeError: this.tablesData[table] is undefined
[Parent 4868, Gecko_IOThread] WARNING: pipe error: 109: file z:/task_1574352431/build/src/ipc/chromium/src/chrome/common/ipc_channel_win.cc, line 341
[Child 12532, Chrome_ChildThread] WARNING: pipe error: 109: file z:/task_1574352431/build/src/ipc/chromium/src/chrome/common/ipc_channel_win.cc, line 341
[Child 125321576284418896	mozrunner::runner	INFO	Running command: "C:\\Program Files\\Firefox Developer Edition\\firefox.exe" "-marionette" "-headless" "-foreground" "-no-remote" "-profile" "C:\\Users\\AMOSNJ~1\\AppData\\Local\\Temp\\rust_mozprofile.8tgQznDQVUxI"
*** You are running in headless mode.
1576284420152	addons.webextension.screenshots@mozilla.org	WARN	Loading extension 'screenshots@mozilla.org': Reading manifest: Invalid extension permission: mozillaAddons
1576284420153	addons.webextension.screenshots@mozilla.org	WARN	Loading extension 'screenshots@mozilla.org': Reading manifest: Invalid extension permission: telemetry
1576284420153	addons.webextension.screenshots@mozilla.org	WARN	Loading extension 'screenshots@mozilla.org': Reading manifest: Invalid extension permission: resource://pdf.js/
1576284420153	addons.webextension.screenshots@mozilla.org	WARN	Loading extension 'screenshots@mozilla.org': Reading manifest: Invalid extension permission: about:reader*
JavaScript error: resource://gre/modules/XULStore.jsm, line 66: Error: Can't find profile directory.
1576284424200	Marionette	INFO	Listening on port 54141
1576284424700	Marionette	WARN	TLS certificate errors will be ignored for this session
JavaScript error: https://activity-dev.hikaya.app/static/admin/js/admin/DateTimeShortcuts.js, line 362: ReferenceError: addEvent is not defined
1576284437425	Marionette	INFO	Stopped listening on port 54141
[Parent 7648, Gecko_IOThread] WARNING: pipe error: 109: file z:/task_1574352431/build/src/ipc/chromium/src/chrome/common/ipc_channel_win.cc, line 341
[Child 17872, Chrome_ChildThread] WARNING: pipe error: 109: file z:/task_1574352431/build/src/ipc/chromium/src/chrome/common/ipc_channel_win.cc, line 341
[Child 17872, Ch[Parent 7648, Gecko_IOThread] WARNING: pipe error: 109: file z:/task_1574352431/build/src/ipc/chromium/src/chrome/common/ipc_channel_win.cc, line 341
[Child 18260, Chrome_ChildThread] WARNING: pipe error: 109: file z:/task_1574352431/build/src/ipc/chromium/src/chrome/common/ipc_channel_win.cc, line 341
[Child 18260, Chrome_Chi[Parent 7648, Gecko_IOThread] WARNING: pipe error: 109: file z:/task_1574352431/build/src/ipc/chromium/src/chrome/common/ipc_channel_win.cc, line 341
[Child 796, Chrome_ChildThread] WARNING: pipe error: 109: file z:/task_1574352431/build/src/ipc/chromium/src/chrome/common/ipc_channel_win.cc, line 341
[Child 796, Chr1576285022472	mozrunner::runner	INFO	Running command: "C:\\Program Files\\Firefox Developer Edition\\firefox.exe" "-marionette" "-headless" "-foreground" "-no-remote" "-profile" "C:\\Users\\AMOSNJ~1\\AppData\\Local\\Temp\\rust_mozprofile.v6fLr74yFpSw"
*** You are running in headless mode.
1576285023297	addons.webextension.screenshots@mozilla.org	WARN	Loading extension 'screenshots@mozilla.org': Reading manifest: Invalid extension permission: mozillaAddons
1576285023298	addons.webextension.screenshots@mozilla.org	WARN	Loading extension 'screenshots@mozilla.org': Reading manifest: Invalid extension permission: telemetry
1576285023298	addons.webextension.screenshots@mozilla.org	WARN	Loading extension 'screenshots@mozilla.org': Reading manifest: Invalid extension permission: resource://pdf.js/
1576285023298	addons.webextension.screenshots@mozilla.org	WARN	Loading extension 'screenshots@mozilla.org': Reading manifest: Invalid extension permission: about:reader*
JavaScript error: resource://gre/modules/XULStore.jsm, line 66: Error: Can't find profile directory.
1576285027760	Marionette	INFO	Listening on port 55119
1576285028219	Marionette	WARN	TLS certificate errors will be ignored for this session
JavaScript error: https://activity-dev.hikaya.app/static/admin/js/admin/DateTimeShortcuts.js, line 362: ReferenceError: addEvent is not defined
1576285040278	Marionette	INFO	Stopped listening on port 55119
[Parent 17984, Gecko_IOThread] WARNING: pipe error: 109: file z:/task_1574352431/build/src/ipc/chromium/src/chrome/common/ipc_channel_win.cc, line 341
[Child 15788, Chrome_ChildThread] WARNING: pipe error: 109: file z:/task_1574352431/build/src/ipc/chromium/src/chrome/common/ipc_channel_win.cc, line 341
[Child 1578[Child 5416, Chrome_ChildThread] WARNING: pipe error: 109: file z:/task_1574352431/build/src/ipc/chromium/src/chrome/common/ipc_channel_win.cc, line 341
[Child 5416, Chrome_ChildThread] WARNING: pipe error: 109: file z:/task_1574352431/build/src/ipc/chromium/src/chrome/common/ipc_channel_win.cc, line 341
[Parent 17984, Gecko_IOThread] WARNING: pipe error: 109: file z:/task_1574352431/build/src/ipc/chromium/src/chrome/common/ipc_channel_win.cc, line 341
[Child 14120, Chrome_ChildThread] WARNING: pipe error: 109: file z:/task_1574352431/build/src/ipc/chromium/src/chrome/common/ipc_channel_win.cc, line 341
[Child 14120, Chrome_C1576314399756	mozrunner::runner	INFO	Running command: "C:\\Program Files\\Firefox Developer Edition\\firefox.exe" "-marionette" "-headless" "-foreground" "-no-remote" "-profile" "C:\\Users\\AMOSNJ~1\\AppData\\Local\\Temp\\rust_mozprofile.Cm8OUOxXq82P"
*** You are running in headless mode.
1576314401510	addons.webextension.screenshots@mozilla.org	WARN	Loading extension 'screenshots@mozilla.org': Reading manifest: Invalid extension permission: mozillaAddons
1576314401510	addons.webextension.screenshots@mozilla.org	WARN	Loading extension 'screenshots@mozilla.org': Reading manifest: Invalid extension permission: telemetry
1576314401510	addons.webextension.screenshots@mozilla.org	WARN	Loading extension 'screenshots@mozilla.org': Reading manifest: Invalid extension permission: resource://pdf.js/
1576314401510	addons.webextension.screenshots@mozilla.org	WARN	Loading extension 'screenshots@mozilla.org': Reading manifest: Invalid extension permission: about:reader*
JavaScript error: resource://gre/modules/XULStore.jsm, line 66: Error: Can't find profile directory.
1576314405938	Marionette	INFO	Listening on port 56317
1576314405984	Marionette	WARN	TLS certificate errors will be ignored for this session
JavaScript error: https://activity-dev.hikaya.app/static/admin/js/admin/DateTimeShortcuts.js, line 362: ReferenceError: addEvent is not defined
1576314427606	Marionette	INFO	Stopped listening on port 56317
[Parent 11368, Gecko_IOThread] WARNING: pipe error: 109: file z:/task_1574352431/build/src/ipc/chromium/src/chrome/common/ipc_channel_win.cc, line 341
[Parent 11368, Gecko_IOThread] WARNING: pipe error: 109: file z:/task_1574352431/build/src/ipc/chromium/src/chrome/common/ipc_channel_win.cc, line 341
[Child 12680, Chrome_ChildThread] WARNING: pipe error: 109: file z:/task_1574352431/build/src/ipc/chromium/src/chrome/common/ipc_channel_win.cc, line 341
[[ChildChild 4084, Chrome_ChildThread] WARNING: pipe error: 109: file z:/task_1574352431/build/src/ipc/chromium/src/chrome/common/ipc_channel_win.cc, line 341
[Child 40[Parent 11368, Gecko_IOThread] WARNING: pipe error: 109: file z:/task_1574352431/build/src/ipc/chromium/src/chrome/common/ipc_channel_win.cc, line 341
[Child 6640, Chrome_ChildThread] WARNING: pipe error: 109: file z:/task_1574352431/build/src/ipc/chromium/src/chrome/common/ipc_channel_win.cc, line 341
[Child 66401576315000721	mozrunner::runner	INFO	Running command: "C:\\Program Files\\Firefox Developer Edition\\firefox.exe" "-marionette" "-headless" "-foreground" "-no-remote" "-profile" "C:\\Users\\AMOSNJ~1\\AppData\\Local\\Temp\\rust_mozprofile.WrMKBw5H5uiA"
*** You are running in headless mode.
1576315002404	addons.webextension.screenshots@mozilla.org	WARN	Loading extension 'screenshots@mozilla.org': Reading manifest: Invalid extension permission: mozillaAddons
1576315002404	addons.webextension.screenshots@mozilla.org	WARN	Loading extension 'screenshots@mozilla.org': Reading manifest: Invalid extension permission: telemetry
1576315002405	addons.webextension.screenshots@mozilla.org	WARN	Loading extension 'screenshots@mozilla.org': Reading manifest: Invalid extension permission: resource://pdf.js/
1576315002405	addons.webextension.screenshots@mozilla.org	WARN	Loading extension 'screenshots@mozilla.org': Reading manifest: Invalid extension permission: about:reader*
JavaScript error: resource://gre/modules/XULStore.jsm, line 66: Error: Can't find profile directory.
1576315007445	Marionette	INFO	Listening on port 56828
1576315007555	Marionette	WARN	TLS certificate errors will be ignored for this session
JavaScript error: https://activity-dev.hikaya.app/static/admin/js/admin/DateTimeShortcuts.js, line 362: ReferenceError: addEvent is not defined
1576315030131	Marionette	INFO	Stopped listening on port 56828
[Child 17300, Chrome_ChildThread] WARNING: pipe error: 109: file z:/task_1574352431/build/src/ipc/chromium/src/chrome/common/ipc_channel_win.cc, line 341
[Child 17[Parent 18104, Gecko_IOThread] WARNING: pipe error: 109: file z:/task_1574352431/build/src/ipc/chromium/src/chrome/common/ipc_channel_win.cc, line 341
[Child 7708, Chrome_ChildThread] WARNING: pipe error: 109: file z:/task_1574352431/build/src/ipc/chromium/src/chrome/common/ipc_channel_win.cc, line 341
[Child 77081576315151491	mozrunner::runner	INFO	Running command: "C:\\Program Files\\Firefox Developer Edition\\firefox.exe" "-marionette" "-headless" "-foreground" "-no-remote" "-profile" "C:\\Users\\AMOSNJ~1\\AppData\\Local\\Temp\\rust_mozprofile.UjDL1E6FaaAl"
*** You are running in headless mode.
1576315152828	addons.webextension.screenshots@mozilla.org	WARN	Loading extension 'screenshots@mozilla.org': Reading manifest: Invalid extension permission: mozillaAddons
1576315152828	addons.webextension.screenshots@mozilla.org	WARN	Loading extension 'screenshots@mozilla.org': Reading manifest: Invalid extension permission: telemetry
1576315152829	addons.webextension.screenshots@mozilla.org	WARN	Loading extension 'screenshots@mozilla.org': Reading manifest: Invalid extension permission: resource://pdf.js/
1576315152829	addons.webextension.screenshots@mozilla.org	WARN	Loading extension 'screenshots@mozilla.org': Reading manifest: Invalid extension permission: about:reader*
JavaScript error: resource://gre/modules/XULStore.jsm, line 66: Error: Can't find profile directory.
1576315157753	Marionette	INFO	Listening on port 57031
1576315157834	Marionette	WARN	TLS certificate errors will be ignored for this session
JavaScript error: https://activity-dev.hikaya.app/static/admin/js/admin/DateTimeShortcuts.js, line 362: ReferenceError: addEvent is not defined
1576315185411	Marionette	INFO	Stopped listening on port 57031
[Child 16432, Chrome_ChildThread] WARNING: pipe error: 109: file z:/task_1574352431/build/src/ipc/chromium/src/chrome/common/ipc_channel_win.cc, line 341
[Child 16432, Chrome_ChildThread] WARNING: pipe error: 109: file z:/task_1574352431/build/src/ipc/chromium/src/chrome/common/ipc_channel_win.cc, line 341
[Parent 10208, Gecko_IOThread] WARNING: pipe error: 109: file z:/task_1574352431/build/src/ipc/chromium/src/chrome/common/ipc_channel_win.cc, line 341
[Child 11368, Chrome_ChildThread] WARNING: pipe error: 109: file z:/task_1574352431/build/src/ipc/chromium/src/chrome/common/ipc_channel_win.cc, line 341
[Child 11368, Chrome_ChildThread] WARNING: p1576315192732	mozrunner::runner	INFO	Running command: "C:\\Program Files\\Firefox Developer Edition\\firefox.exe" "-marionette" "-headless" "-foreground" "-no-remote" "-profile" "C:\\Users\\AMOSNJ~1\\AppData\\Local\\Temp\\rust_mozprofile.eIlup4iF1wTj"
*** You are running in headless mode.
1576315193826	addons.webextension.screenshots@mozilla.org	WARN	Loading extension 'screenshots@mozilla.org': Reading manifest: Invalid extension permission: mozillaAddons
1576315193826	addons.webextension.screenshots@mozilla.org	WARN	Loading extension 'screenshots@mozilla.org': Reading manifest: Invalid extension permission: telemetry
1576315193826	addons.webextension.screenshots@mozilla.org	WARN	Loading extension 'screenshots@mozilla.org': Reading manifest: Invalid extension permission: resource://pdf.js/
1576315193827	addons.webextension.screenshots@mozilla.org	WARN	Loading extension 'screenshots@mozilla.org': Reading manifest: Invalid extension permission: about:reader*
JavaScript error: resource://gre/modules/XULStore.jsm, line 66: Error: Can't find profile directory.
1576315197931	Marionette	INFO	Listening on port 57081
1576315197971	Marionette	WARN	TLS certificate errors will be ignored for this session
JavaScript error: https://activity-dev.hikaya.app/static/admin/js/admin/DateTimeShortcuts.js, line 362: ReferenceError: addEvent is not defined
1576315214923	Marionette	INFO	Stopped listening on port 57081
[Parent 16188, Gecko_IOThread] WARNING: pipe error: 109: file z:/task_1574352431/build/src/ipc/chromium/src/chrome/common/ipc_channel_win.cc, line 341
[Child 14500, Chrome_ChildThread] WARNING: pipe error: 109: file z:/task_1574352431/build/src/ipc/chromium/src/chrome/common/ipc_channel_win.cc, line 341
[Child 14500, Chrome_Chi[Child 17724, Chrome_ChildThread] WARNING: pipe error: 109: file z:/task_1574352431/build/src/ipc/chromium/src/chrome/common/ipc_channel_win.cc, line 341
[Parent 16188, Gecko_IOThread] WARNING: pipe error: 109: file z:/task_1574352431/build/src/ipc/chromium/src/chrome/common/ipc_channel_win.cc, line 341
1576315281838	mozrunner::runner	INFO	Running command: "C:\\Program Files\\Firefox Developer Edition\\firefox.exe" "-marionette" "-headless" "-foreground" "-no-remote" "-profile" "C:\\Users\\AMOSNJ~1\\AppData\\Local\\Temp\\rust_mozprofile.mQ6Xu5ala2bT"
*** You are running in headless mode.
1576315283253	addons.webextension.screenshots@mozilla.org	WARN	Loading extension 'screenshots@mozilla.org': Reading manifest: Invalid extension permission: mozillaAddons
1576315283253	addons.webextension.screenshots@mozilla.org	WARN	Loading extension 'screenshots@mozilla.org': Reading manifest: Invalid extension permission: telemetry
1576315283254	addons.webextension.screenshots@mozilla.org	WARN	Loading extension 'screenshots@mozilla.org': Reading manifest: Invalid extension permission: resource://pdf.js/
1576315283254	addons.webextension.screenshots@mozilla.org	WARN	Loading extension 'screenshots@mozilla.org': Reading manifest: Invalid extension permission: about:reader*
JavaScript error: resource://gre/modules/XULStore.jsm, line 66: Error: Can't find profile directory.
1576315287714	Marionette	INFO	Listening on port 57238
1576315288073	Marionette	WARN	TLS certificate errors will be ignored for this session
JavaScript error: https://activity-dev.hikaya.app/static/admin/js/admin/DateTimeShortcuts.js, line 362: ReferenceError: addEvent is not defined
1576315311841	Marionette	INFO	Stopped listening on port 57238
[Child 12488, Chrome_ChildThread] WARNING: pipe error: 109: file z:/task_1574352431/build/src/ipc/chromium/src/chrome/common/ipc_channel_win.cc, line 341
[Child 12488, Chrome_ChildThread] WARNING: pipe error: 109: file z:/task_1574352431/build/src/ipc/chromium/src/chrome/common/ipc_channel_win.cc, line 341
[Parent 14940, Gecko_IOThread] WARNING: pipe error: 109: file z:/task_1574352431/build/src/ipc/chromium/src/chrome/common/ipc_channel_win.cc, line 341
[Child 17184, Chrome_ChildThread] WARNING: pipe error: 109: file z:/task_1574352431/build/src/ipc/chromium/src/chrome/common/ipc_channel_win.cc, line 341
[Child 17